2023-10-04 18:35:59,463.earthquakes_consumer.INFO ==================================================
2023-10-04 18:35:59,470.earthquakes_consumer.INFO Today is 2023-10-04 at 06:35 PM
2023-10-04 18:35:59,484.earthquakes_consumer.INFO Running on: nt Windows 10
2023-10-04 18:35:59,488.earthquakes_consumer.INFO Python version:  3.10.9
2023-10-04 18:35:59,489.earthquakes_consumer.INFO Python path: C:\Users\amaar\anaconda3
2023-10-04 18:35:59,493.earthquakes_consumer.INFO Working dir: C:\Users\amaar\OneDrive\Desktop\NW\Data Streaming\streaming-07-final-project
2023-10-04 18:35:59,498.earthquakes_consumer.INFO ==================================================
2023-10-04 18:35:59,541.earthquakes_consumer.INFO  [*] Ready for work. To exit press CTRL+C
2023-10-04 18:35:59,542.earthquakes_consumer.INFO  [x] Received 2023-02-08 00:11:55.118
2023-10-04 18:36:00,556.earthquakes_consumer.INFO  [x] Done.
2023-10-04 18:36:00,562.earthquakes_consumer.INFO  [x] Received 2023-02-07 23:13:02.009
2023-10-04 18:36:01,574.earthquakes_consumer.INFO  [x] Done.
2023-10-04 18:36:01,582.earthquakes_consumer.INFO  [x] Received 2023-02-07 22:45:27.921
2023-10-04 18:36:02,598.earthquakes_consumer.INFO  [x] Done.
2023-10-04 18:36:02,735.earthquakes_consumer.INFO  [x] Received 2023-02-07 22:07:54.879
2023-10-04 18:36:03,761.earthquakes_consumer.INFO  [x] Done.
2023-10-04 18:36:03,767.earthquakes_consumer.INFO  [x] Received 2023-02-07 21:58:54.224
2023-10-04 18:36:04,776.earthquakes_consumer.INFO  [x] Done.
2023-10-04 18:36:04,780.earthquakes_consumer.INFO  [x] Received 2023-02-07 21:21:25.723
2023-10-04 18:36:05,787.earthquakes_consumer.INFO  [x] Done.
2023-10-04 18:36:05,792.earthquakes_consumer.INFO  [x] Received 2023-02-07 19:54:23.826
2023-10-04 18:36:06,803.earthquakes_consumer.INFO  [x] Done.
2023-10-04 18:36:06,807.earthquakes_consumer.INFO  [x] Received 2023-02-07 19:13:49.620
2023-10-04 18:36:07,817.earthquakes_consumer.INFO  [x] Done.
2023-10-04 18:36:07,821.earthquakes_consumer.INFO  [x] Received 2023-02-07 19:08:24.810
2023-10-04 18:36:08,835.earthquakes_consumer.INFO  [x] Done.
2023-10-04 18:36:08,845.earthquakes_consumer.INFO  [x] Received 2023-02-07 18:14:08.571
2023-10-04 18:36:09,865.earthquakes_consumer.INFO  [x] Done.
2023-10-04 18:36:09,872.earthquakes_consumer.INFO  [x] Received 2023-02-07 18:09:59.860
2023-10-04 18:36:10,877.earthquakes_consumer.INFO  [x] Done.
2023-10-04 18:36:10,881.earthquakes_consumer.INFO  [x] Received 2023-02-07 17:53:50.882
2023-10-04 18:36:11,894.earthquakes_consumer.INFO  [x] Done.
2023-10-04 18:36:11,898.earthquakes_consumer.INFO  [x] Received 2023-02-07 17:38:00.327
2023-10-04 18:36:12,908.earthquakes_consumer.INFO  [x] Done.
2023-10-04 18:36:12,923.earthquakes_consumer.INFO  [x] Received 2023-02-07 16:54:31.685
2023-10-04 18:36:13,946.earthquakes_consumer.INFO  [x] Done.
2023-10-04 18:36:13,970.earthquakes_consumer.INFO  [x] Received 2023-02-07 16:53:27.462
2023-10-04 18:36:15,113.earthquakes_consumer.INFO  [x] Done.
2023-10-04 18:36:15,168.earthquakes_consumer.INFO  [x] Received 2023-02-07 15:48:54.123
2023-10-04 18:36:16,226.earthquakes_consumer.INFO  [x] Done.
2023-10-04 18:36:16,266.earthquakes_consumer.INFO  [x] Received 2023-02-07 15:31:28.295
2023-10-04 18:36:17,295.earthquakes_consumer.INFO  [x] Done.
2023-10-04 18:36:17,301.earthquakes_consumer.INFO  [x] Received 2023-02-07 14:23:17.029
2023-10-04 18:36:18,319.earthquakes_consumer.INFO  [x] Done.
2023-10-04 18:36:18,336.earthquakes_consumer.INFO  [x] Received 2023-02-07 13:36:41.353
2023-10-04 18:36:19,353.earthquakes_consumer.INFO  [x] Done.
2023-10-04 18:36:19,357.earthquakes_consumer.INFO  [x] Received 2023-02-07 12:07:03.774
2023-10-04 18:36:20,427.earthquakes_consumer.INFO  [x] Done.
2023-10-04 18:36:20,442.earthquakes_consumer.INFO  [x] Received 2023-02-07 11:01:11.695
2023-10-04 18:36:21,485.earthquakes_consumer.INFO  [x] Done.
2023-10-04 18:36:21,543.earthquakes_consumer.INFO  [x] Received 2023-02-07 10:57:45.760
2023-10-04 18:36:22,611.earthquakes_consumer.INFO  [x] Done.
2023-10-04 18:36:22,675.earthquakes_consumer.INFO  [x] Received 2023-02-07 10:56:29.905
2023-10-04 18:36:23,773.earthquakes_consumer.INFO  [x] Done.
2023-10-04 18:36:23,847.earthquakes_consumer.INFO  [x] Received 2023-02-07 10:37:17.535
2023-10-04 18:36:24,942.earthquakes_consumer.INFO  [x] Done.
2023-10-04 18:36:24,988.earthquakes_consumer.INFO  [x] Received 2023-02-07 10:27:32.024
2023-10-04 18:36:26,070.earthquakes_consumer.INFO  [x] Done.
2023-10-04 18:36:26,075.earthquakes_consumer.INFO  [x] Received 2023-02-07 10:18:14.589
2023-10-04 18:36:27,084.earthquakes_consumer.INFO  [x] Done.
2023-10-04 18:36:27,184.earthquakes_consumer.INFO  [x] Received 2023-02-07 10:07:18.238
2023-10-04 18:36:28,249.earthquakes_consumer.INFO  [x] Done.
2023-10-04 18:36:28,277.earthquakes_consumer.INFO  [x] Received 2023-02-07 09:53:31.468
2023-10-04 18:36:29,321.earthquakes_consumer.INFO  [x] Done.
2023-10-04 18:36:29,432.earthquakes_consumer.INFO  [x] Received 2023-02-07 08:25:46.610
2023-10-04 18:36:30,476.earthquakes_consumer.INFO  [x] Done.
2023-10-04 18:36:30,483.earthquakes_consumer.INFO  [x] Received 2023-02-07 08:18:11.763
2023-10-04 18:36:31,532.earthquakes_consumer.INFO  [x] Done.
2023-10-04 18:36:31,618.earthquakes_consumer.INFO  [x] Received 2023-02-07 07:54:23.648
2023-10-04 18:36:32,717.earthquakes_consumer.INFO  [x] Done.
2023-10-04 18:36:32,760.earthquakes_consumer.INFO  [x] Received 2023-02-07 07:45:06.565
2023-10-04 18:36:33,790.earthquakes_consumer.INFO  [x] Done.
2023-10-04 18:36:33,810.earthquakes_consumer.INFO  [x] Received 2023-02-07 07:26:36.313
2023-10-04 18:36:34,822.earthquakes_consumer.INFO  [x] Done.
2023-10-04 18:36:34,842.earthquakes_consumer.INFO  [x] Received 2023-02-07 07:11:15.008
2023-10-04 18:36:35,870.earthquakes_consumer.INFO  [x] Done.
2023-10-04 18:36:35,889.earthquakes_consumer.INFO  [x] Received 2023-02-07 06:48:51.697
2023-10-04 18:36:36,946.earthquakes_consumer.INFO  [x] Done.
2023-10-04 18:36:36,991.earthquakes_consumer.INFO  [x] Received 2023-02-07 06:40:53.780
2023-10-04 18:36:38,054.earthquakes_consumer.INFO  [x] Done.
2023-10-04 18:36:38,111.earthquakes_consumer.INFO  [x] Received 2023-02-07 06:26:11.987
2023-10-04 18:36:39,203.earthquakes_consumer.INFO  [x] Done.
2023-10-04 18:36:39,235.earthquakes_consumer.INFO  [x] Received 2023-02-07 06:15:23.256
2023-10-04 18:36:40,326.earthquakes_consumer.INFO  [x] Done.
2023-10-04 18:36:40,376.earthquakes_consumer.INFO  [x] Received 2023-02-07 05:26:30.941
2023-10-04 18:36:41,383.earthquakes_consumer.INFO  [x] Done.
2023-10-04 18:36:41,397.earthquakes_consumer.INFO  [x] Received 2023-02-07 04:42:03.194
2023-10-04 18:36:42,448.earthquakes_consumer.INFO  [x] Done.
2023-10-04 18:36:42,499.earthquakes_consumer.INFO  [x] Received 2023-02-07 04:16:42.272
2023-10-04 18:36:43,609.earthquakes_consumer.INFO  [x] Done.
2023-10-04 18:36:43,638.earthquakes_consumer.INFO  [x] Received 2023-02-07 04:07:57.801
2023-10-04 18:36:44,656.earthquakes_consumer.INFO  [x] Done.
2023-10-04 18:36:44,675.earthquakes_consumer.INFO  [x] Received 2023-02-07 03:58:56.236
2023-10-04 18:36:45,687.earthquakes_consumer.INFO  [x] Done.
2023-10-04 18:36:45,690.earthquakes_consumer.INFO  [x] Received 2023-02-07 03:37:00.334
2023-10-04 18:36:46,691.earthquakes_consumer.INFO  [x] Done.
2023-10-04 18:36:46,709.earthquakes_consumer.INFO  [x] Received 2023-02-07 03:30:01.492
2023-10-04 18:36:47,736.earthquakes_consumer.INFO  [x] Done.
2023-10-04 18:36:47,741.earthquakes_consumer.INFO  [x] Received 2023-02-07 03:16:16.365
2023-10-04 18:36:48,890.earthquakes_consumer.INFO  [x] Done.
2023-10-04 18:36:49,012.earthquakes_consumer.INFO  [x] Received 2023-02-07 03:13:12.754
2023-10-04 18:36:50,100.earthquakes_consumer.INFO  [x] Done.
2023-10-04 18:36:50,116.earthquakes_consumer.INFO  [x] Received 2023-02-07 03:08:57.248
2023-10-04 18:36:51,125.earthquakes_consumer.INFO  [x] Done.
2023-10-04 18:36:51,131.earthquakes_consumer.INFO  [x] Received 2023-02-07 03:02:54.008
2023-10-04 18:36:52,173.earthquakes_consumer.INFO  [x] Done.
2023-10-04 18:36:52,181.earthquakes_consumer.INFO  [x] Received 2023-02-07 02:53:29.007
2023-10-04 18:36:53,186.earthquakes_consumer.INFO  [x] Done.
2023-10-04 18:36:53,211.earthquakes_consumer.INFO  [x] Received 2023-02-07 02:43:27.973
2023-10-04 18:36:54,224.earthquakes_consumer.INFO  [x] Done.
2023-10-04 18:36:54,308.earthquakes_consumer.INFO  [x] Received 2023-02-07 02:39:03.939
2023-10-04 18:36:55,444.earthquakes_consumer.INFO  [x] Done.
2023-10-04 18:36:55,526.earthquakes_consumer.INFO  [x] Received 2023-02-07 02:28:20.753
2023-10-04 18:36:56,598.earthquakes_consumer.INFO  [x] Done.
2023-10-04 18:36:56,645.earthquakes_consumer.INFO  [x] Received 2023-02-07 01:34:29.191
2023-10-04 18:36:57,655.earthquakes_consumer.INFO  [x] Done.
2023-10-04 18:36:57,674.earthquakes_consumer.INFO  [x] Received 2023-02-07 01:32:00.826
2023-10-04 18:36:58,684.earthquakes_consumer.INFO  [x] Done.
2023-10-04 18:36:58,875.earthquakes_consumer.INFO  [x] Received 2023-02-07 01:29:18.918
2023-10-04 18:36:59,949.earthquakes_consumer.INFO  [x] Done.
2023-10-04 18:37:00,031.earthquakes_consumer.INFO  [x] Received 2023-02-07 01:18:07.375
2023-10-04 18:37:01,175.earthquakes_consumer.INFO  [x] Done.
2023-10-04 18:37:01,223.earthquakes_consumer.INFO  [x] Received 2023-02-07 00:20:16.237
2023-10-04 18:37:02,229.earthquakes_consumer.INFO  [x] Done.
2023-10-04 18:37:02,252.earthquakes_consumer.INFO  [x] Received 2023-02-06 23:13:30.166
2023-10-04 18:37:03,313.earthquakes_consumer.INFO  [x] Done.
2023-10-04 18:37:03,334.earthquakes_consumer.INFO  [x] Received 2023-02-06 22:55:27.276
2023-10-04 18:37:04,348.earthquakes_consumer.INFO  [x] Done.
2023-10-04 18:37:04,363.earthquakes_consumer.INFO  [x] Received 2023-02-06 22:44:54.848
2023-10-04 18:37:05,373.earthquakes_consumer.INFO  [x] Done.
2023-10-04 18:37:05,379.earthquakes_consumer.INFO  [x] Received 2023-02-06 22:29:39.343
2023-10-04 18:37:06,380.earthquakes_consumer.INFO  [x] Done.
2023-10-04 18:37:06,396.earthquakes_consumer.INFO  [x] Received 2023-02-06 22:26:17.724
2023-10-04 18:37:07,408.earthquakes_consumer.INFO  [x] Done.
2023-10-04 18:37:07,417.earthquakes_consumer.INFO  [x] Received 2023-02-06 22:11:36.032
2023-10-04 18:37:08,427.earthquakes_consumer.INFO  [x] Done.
2023-10-04 18:37:08,480.earthquakes_consumer.INFO  [x] Received 2023-02-06 22:09:51.889
2023-10-04 18:37:09,499.earthquakes_consumer.INFO  [x] Done.
2023-10-04 18:37:09,539.earthquakes_consumer.INFO  [x] Received 2023-02-06 21:57:43.529
2023-10-04 18:37:10,570.earthquakes_consumer.INFO  [x] Done.
2023-10-04 18:37:10,589.earthquakes_consumer.INFO  [x] Received 2023-02-06 21:15:18.245
2023-10-04 18:37:11,617.earthquakes_consumer.INFO  [x] Done.
2023-10-04 18:37:11,622.earthquakes_consumer.INFO  [x] Received 2023-02-06 21:02:06.978
2023-10-04 18:37:12,624.earthquakes_consumer.INFO  [x] Done.
2023-10-04 18:37:12,647.earthquakes_consumer.INFO  [x] Received 2023-02-06 20:54:01.125
2023-10-04 18:37:13,662.earthquakes_consumer.INFO  [x] Done.
2023-10-04 18:37:13,759.earthquakes_consumer.INFO  [x] Received 2023-02-06 20:53:24.379
2023-10-04 18:37:14,895.earthquakes_consumer.INFO  [x] Done.
2023-10-04 18:37:14,962.earthquakes_consumer.INFO  [x] Received 2023-02-06 20:45:42.200
2023-10-04 18:37:16,060.earthquakes_consumer.INFO  [x] Done.
2023-10-04 18:37:16,157.earthquakes_consumer.INFO  [x] Received 2023-02-06 20:44:00.230
2023-10-04 18:37:17,309.earthquakes_consumer.INFO  [x] Done.
2023-10-04 18:37:17,446.earthquakes_consumer.INFO  [x] Received 2023-02-06 20:40:06.434
2023-10-04 18:37:18,671.earthquakes_consumer.INFO  [x] Done.
2023-10-04 18:37:18,749.earthquakes_consumer.INFO  [x] Received 2023-02-06 20:37:51.879
2023-10-04 18:37:19,819.earthquakes_consumer.INFO  [x] Done.
2023-10-04 18:37:19,930.earthquakes_consumer.INFO  [x] Received 2023-02-06 20:23:12.615
2023-10-04 18:37:21,175.earthquakes_consumer.INFO  [x] Done.
2023-10-04 18:37:21,587.earthquakes_consumer.INFO  [x] Received 2023-02-06 20:14:11.184
2023-10-04 18:37:23,115.earthquakes_consumer.INFO  [x] Done.
2023-10-04 18:37:23,224.earthquakes_consumer.INFO  [x] Received 2023-02-06 20:11:49.233
2023-10-04 18:37:24,331.earthquakes_consumer.INFO  [x] Done.
2023-10-04 18:37:24,396.earthquakes_consumer.INFO  [x] Received 2023-02-06 20:05:35.045
2023-10-04 18:37:25,508.earthquakes_consumer.INFO  [x] Done.
2023-10-04 18:37:25,723.earthquakes_consumer.INFO  [x] Received 2023-02-06 19:49:40.242
2023-10-04 18:37:27,020.earthquakes_consumer.INFO  [x] Done.
2023-10-04 18:37:27,055.earthquakes_consumer.INFO  [x] Received 2023-02-06 19:40:16.799
2023-10-04 18:37:28,150.earthquakes_consumer.INFO  [x] Done.
2023-10-04 18:37:28,364.earthquakes_consumer.INFO  [x] Received 2023-02-06 19:35:50.641
2023-10-04 18:37:29,520.earthquakes_consumer.INFO  [x] Done.
2023-10-04 18:37:29,765.earthquakes_consumer.INFO  [x] Received 2023-02-06 19:30:59.475
2023-10-04 18:37:30,890.earthquakes_consumer.INFO  [x] Done.
2023-10-04 18:37:31,025.earthquakes_consumer.INFO  [x] Received 2023-02-06 19:25:01.538
2023-10-04 18:37:32,098.earthquakes_consumer.INFO  [x] Done.
2023-10-04 18:37:32,131.earthquakes_consumer.INFO  [x] Received 2023-02-06 19:15:47.865
2023-10-04 18:37:33,170.earthquakes_consumer.INFO  [x] Done.
2023-10-04 18:37:33,271.earthquakes_consumer.INFO  [x] Received 2023-02-06 19:12:31.181
2023-10-04 18:37:34,289.earthquakes_consumer.INFO  [x] Done.
2023-10-04 18:37:34,303.earthquakes_consumer.INFO  [x] Received 2023-02-06 18:55:52.597
2023-10-04 18:37:35,368.earthquakes_consumer.INFO  [x] Done.
2023-10-04 18:37:35,429.earthquakes_consumer.INFO  [x] Received 2023-02-06 18:51:18.887
2023-10-04 18:37:36,511.earthquakes_consumer.INFO  [x] Done.
2023-10-04 18:37:36,647.earthquakes_consumer.INFO  [x] Received 2023-02-06 18:49:54.341
2023-10-04 18:37:37,732.earthquakes_consumer.INFO  [x] Done.
2023-10-04 18:37:37,844.earthquakes_consumer.INFO  [x] Received 2023-02-06 18:48:48.760
2023-10-04 18:37:38,984.earthquakes_consumer.INFO  [x] Done.
2023-10-04 18:37:39,110.earthquakes_consumer.INFO  [x] Received 2023-02-06 18:03:53.807
2023-10-04 18:37:40,200.earthquakes_consumer.INFO  [x] Done.
2023-10-04 18:37:40,294.earthquakes_consumer.INFO  [x] Received 2023-02-06 18:02:44.660
2023-10-04 18:37:41,388.earthquakes_consumer.INFO  [x] Done.
2023-10-04 18:37:41,443.earthquakes_consumer.INFO  [x] Received 2023-02-06 17:46:49.824
2023-10-04 18:37:42,539.earthquakes_consumer.INFO  [x] Done.
2023-10-04 18:37:42,653.earthquakes_consumer.INFO  [x] Received 2023-02-06 17:31:34.269
2023-10-04 18:37:43,753.earthquakes_consumer.INFO  [x] Done.
2023-10-04 18:37:43,811.earthquakes_consumer.INFO  [x] Received 2023-02-06 17:26:24.481
2023-10-04 18:37:45,009.earthquakes_consumer.INFO  [x] Done.
2023-10-04 18:37:45,121.earthquakes_consumer.INFO  [x] Received 2023-02-06 17:22:02.040
2023-10-04 18:37:46,159.earthquakes_consumer.INFO  [x] Done.
2023-10-04 18:37:46,188.earthquakes_consumer.INFO  [x] Received 2023-02-06 17:11:47.921
2023-10-04 18:37:47,235.earthquakes_consumer.INFO  [x] Done.
2023-10-04 18:37:47,263.earthquakes_consumer.INFO  [x] Received 2023-02-06 16:55:35.783
2023-10-04 18:37:48,318.earthquakes_consumer.INFO  [x] Done.
2023-10-04 18:37:48,373.earthquakes_consumer.INFO  [x] Received 2023-02-06 16:43:28.541
2023-10-04 18:37:49,393.earthquakes_consumer.INFO  [x] Done.
2023-10-04 18:37:49,402.earthquakes_consumer.INFO  [x] Received 2023-02-06 16:35:18.135
2023-10-04 18:37:50,417.earthquakes_consumer.INFO  [x] Done.
2023-10-04 18:37:50,427.earthquakes_consumer.INFO  [x] Received 2023-02-06 16:32:11.661
2023-10-04 18:37:51,441.earthquakes_consumer.INFO  [x] Done.
2023-10-04 18:37:51,454.earthquakes_consumer.INFO  [x] Received 2023-02-06 16:28:08.698
2023-10-04 18:37:52,464.earthquakes_consumer.INFO  [x] Done.
2023-10-04 18:37:52,469.earthquakes_consumer.INFO  [x] Received 2023-02-06 16:27:19.276
2023-10-04 18:37:53,482.earthquakes_consumer.INFO  [x] Done.
2023-10-04 18:37:53,486.earthquakes_consumer.INFO  [x] Received 2023-02-06 16:26:39.507
2023-10-04 18:37:54,502.earthquakes_consumer.INFO  [x] Done.
2023-10-04 18:37:54,508.earthquakes_consumer.INFO  [x] Received 2023-02-06 16:26:15.464
2023-10-04 18:37:55,511.earthquakes_consumer.INFO  [x] Done.
2023-10-04 18:37:55,515.earthquakes_consumer.INFO  [x] Received 2023-02-06 16:25:01.255
2023-10-04 18:37:56,518.earthquakes_consumer.INFO  [x] Done.
2023-10-04 18:37:56,521.earthquakes_consumer.INFO  [x] Received 2023-02-06 16:22:44.967
2023-10-04 18:37:57,534.earthquakes_consumer.INFO  [x] Done.
2023-10-04 18:37:57,538.earthquakes_consumer.INFO  [x] Received 2023-02-06 16:21:46.033
2023-10-04 18:37:58,539.earthquakes_consumer.INFO  [x] Done.
2023-10-04 18:37:58,548.earthquakes_consumer.INFO  [x] Received 2023-02-06 16:10:43.265
2023-10-04 18:37:59,552.earthquakes_consumer.INFO  [x] Done.
2023-10-04 18:37:59,557.earthquakes_consumer.INFO  [x] Received 2023-02-06 16:06:42.958
2023-10-04 18:38:00,571.earthquakes_consumer.INFO  [x] Done.
2023-10-04 18:38:00,578.earthquakes_consumer.INFO  [x] Received 2023-02-06 15:59:27.990
2023-10-04 18:38:01,593.earthquakes_consumer.INFO  [x] Done.
2023-10-04 18:38:01,602.earthquakes_consumer.INFO  [x] Received 2023-02-06 15:52:44.320
2023-10-04 18:38:02,612.earthquakes_consumer.INFO  [x] Done.
2023-10-04 18:38:02,621.earthquakes_consumer.INFO  [x] Received 2023-02-06 15:33:32.721
2023-10-04 18:38:03,646.earthquakes_consumer.INFO  [x] Done.
2023-10-04 18:38:03,838.earthquakes_consumer.INFO  [x] Received 2023-02-06 15:14:34.402
2023-10-04 18:38:04,990.earthquakes_consumer.INFO  [x] Done.
2023-10-04 18:38:05,371.earthquakes_consumer.INFO  [x] Received 2023-02-06 14:57:46.819
2023-10-04 18:38:06,975.earthquakes_consumer.INFO  [x] Done.
2023-10-04 18:38:07,166.earthquakes_consumer.INFO  [x] Received 2023-02-06 14:51:15.299
2023-10-04 18:38:08,219.earthquakes_consumer.INFO  [x] Done.
2023-10-04 18:38:08,310.earthquakes_consumer.INFO  [x] Received 2023-02-06 14:41:57.177
2023-10-04 18:38:09,367.earthquakes_consumer.INFO  [x] Done.
2023-10-04 18:38:09,451.earthquakes_consumer.INFO  [x] Received 2023-02-06 14:33:07.461
2023-10-04 18:38:10,474.earthquakes_consumer.INFO  [x] Done.
2023-10-04 18:38:10,492.earthquakes_consumer.INFO  [x] Received 2023-02-06 14:29:57.853
2023-10-04 18:38:11,493.earthquakes_consumer.INFO  [x] Done.
2023-10-04 18:38:11,509.earthquakes_consumer.INFO  [x] Received 2023-02-06 14:27:43.394
2023-10-04 18:38:12,602.earthquakes_consumer.INFO  [x] Done.
2023-10-04 18:38:12,670.earthquakes_consumer.INFO  [x] Received 2023-02-06 14:17:18.854
2023-10-04 18:38:13,765.earthquakes_consumer.INFO  [x] Done.
2023-10-04 18:38:13,887.earthquakes_consumer.INFO  [x] Received 2023-02-06 14:10:09.968
2023-10-04 18:38:14,929.earthquakes_consumer.INFO  [x] Done.
2023-10-04 18:38:14,947.earthquakes_consumer.INFO  [x] Received 2023-02-06 14:04:49.444
2023-10-04 18:38:16,035.earthquakes_consumer.INFO  [x] Done.
2023-10-04 18:38:16,077.earthquakes_consumer.INFO  [x] Received 2023-02-06 14:03:08.489
2023-10-04 18:38:17,160.earthquakes_consumer.INFO  [x] Done.
2023-10-04 18:38:17,241.earthquakes_consumer.INFO  [x] Received 2023-02-06 13:58:50.413
2023-10-04 18:38:18,340.earthquakes_consumer.INFO  [x] Done.
2023-10-04 18:38:18,451.earthquakes_consumer.INFO  [x] Received 2023-02-06 13:44:51.298
2023-10-04 18:38:19,592.earthquakes_consumer.INFO  [x] Done.
2023-10-04 18:38:19,692.earthquakes_consumer.INFO  [x] Received 2023-02-06 13:39:24.254
2023-10-04 18:38:20,784.earthquakes_consumer.INFO  [x] Done.
2023-10-04 18:38:20,875.earthquakes_consumer.INFO  [x] Received 2023-02-06 13:36:08.640
2023-10-04 18:38:21,930.earthquakes_consumer.INFO  [x] Done.
2023-10-04 18:38:21,969.earthquakes_consumer.INFO  [x] Received 2023-02-06 13:33:15.653
2023-10-04 18:38:23,032.earthquakes_consumer.INFO  [x] Done.
2023-10-04 18:38:23,069.earthquakes_consumer.INFO  [x] Received 2023-02-06 13:32:17.073
2023-10-04 18:38:24,124.earthquakes_consumer.INFO  [x] Done.
2023-10-04 18:38:24,172.earthquakes_consumer.INFO  [x] Received 2023-02-06 13:31:39.632
2023-10-04 18:38:25,186.earthquakes_consumer.INFO 
Closing connection. Goodbye.

